Start testing: Jan 20 18:51 CST
----------------------------------------------------------
1/1 Testing: Test_of_Turtlelib
1/1 Test: Test_of_Turtlelib
Command: "/home/codynichoson/Q2/slam/slam_project/src/slam-project-codynichoson/turtlelib/build/turtlelib_test"
Directory: /home/codynichoson/Q2/slam/slam_project/src/slam-project-codynichoson/turtlelib/build
"Test_of_Turtlelib" start time: Jan 20 18:51 CST
Output:
----------------------------------------------------------
===============================================================================
All tests passed (27 assertions in 13 test cases)

<end of output>
Test time =   0.00 sec
----------------------------------------------------------
Test Passed.
"Test_of_Turtlelib" end time: Jan 20 18:51 CST
"Test_of_Turtlelib" time elapsed: 00:00:00
----------------------------------------------------------

End testing: Jan 20 18:51 CST
